Compiling the C compiler identification source file "CMakeCCompilerId.c" failed.
Compiler: C:/Program Files (x86)/Microsoft Visual Studio/2017/BuildTools/VC/Tools/MSVC/14.16.27023/bin/Hostx86/x86/cl.exe 
Build flags: 
Id flags:  

The output was:
2
Microsoft (R) C/C++ Optimizing Compiler versione 19.16.27045 per x86
Copyright (C) Microsoft Corporation. Tutti i diritti  sono riservati.

CMakeCCompilerId.c
Microsoft (R) Incremental Linker Version 14.16.27045.0
Copyright (C) Microsoft Corporation.  All rights reserved.

/out:CMakeCCompilerId.exe 
CMakeCCompilerId.obj 
LINK : fatal error LNK1104: impossibile aprire il file 'kernel32.lib'


Compiling the CXX compiler identification source file "CMakeCXXCompilerId.cpp" failed.
Compiler: C:/Program Files (x86)/Microsoft Visual Studio/2017/BuildTools/VC/Tools/MSVC/14.16.27023/bin/Hostx86/x86/cl.exe 
Build flags: 
Id flags:  

The output was:
2
Microsoft (R) C/C++ Optimizing Compiler versione 19.16.27045 per x86
Copyright (C) Microsoft Corporation. Tutti i diritti  sono riservati.

CMakeCXXCompilerId.cpp
Microsoft (R) Incremental Linker Version 14.16.27045.0
Copyright (C) Microsoft Corporation.  All rights reserved.

/out:CMakeCXXCompilerId.exe 
CMakeCXXCompilerId.obj 
LINK : fatal error LNK1104: impossibile aprire il file 'kernel32.lib'


Detecting C compiler ABI info failed to compile with the following output:
Change Dir: C:/Users/Sax/Desktop/POLI/Programmazione_di_sistema/Progetto/BayesianNetworks/cmake-build-release-visual-studio/CMakeFiles/CMakeTmp

Run Build Command(s):nmake -f Makefile /nologo cmTC_ffc8e\fast && 	"C:\Program Files (x86)\Microsoft Visual Studio\2017\BuildTools\VC\Tools\MSVC\14.16.27023\bin\HostX86\x86\nmake.exe"  -f CMakeFiles\cmTC_ffc8e.dir\build.make /nologo -L                  CMakeFiles\cmTC_ffc8e.dir\build
Building C object CMakeFiles/cmTC_ffc8e.dir/CMakeCCompilerABI.c.obj
	"C:\Program Files\JetBrains\CLion 2020.3.2\bin\cmake\win\bin\cmake.exe" -E cmake_cl_compile_depends --dep-file=CMakeFiles\cmTC_ffc8e.dir\CMakeCCompilerABI.c.obj.d --working-dir=C:\Users\Sax\Desktop\POLI\Programmazione_di_sistema\Progetto\BayesianNetworks\cmake-build-release-visual-studio\CMakeFiles\CMakeTmp --filter-prefix="" -- C:\PROGRA~2\MICROS~1\2017\BUILDT~1\VC\Tools\MSVC\1416~1.270\bin\Hostx86\x86\cl.exe @C:\Users\Sax\AppData\Local\Temp\nmFCA4.tmp
Linking C executable cmTC_ffc8e.exe
	"C:\Program Files\JetBrains\CLion 2020.3.2\bin\cmake\win\bin\cmake.exe" -E vs_link_exe --intdir=CMakeFiles\cmTC_ffc8e.dir --rc=rc --mt=CMAKE_MT-NOTFOUND --manifests -- C:\PROGRA~2\MICROS~1\2017\BUILDT~1\VC\Tools\MSVC\1416~1.270\bin\Hostx86\x86\link.exe /nologo @CMakeFiles\cmTC_ffc8e.dir\objects1.rsp @C:\Users\Sax\AppData\Local\Temp\nmFD51.tmp
RC Pass 1: command "rc /fo CMakeFiles\cmTC_ffc8e.dir/manifest.res CMakeFiles\cmTC_ffc8e.dir/manifest.rc" failed (exit code 0) with the following output:
The system cannot find the file specifiedNMAKE : fatal error U1077: '"C:\Program Files\JetBrains\CLion 2020.3.2\bin\cmake\win\bin\cmake.exe"' : codice restituito '0xffffffff'
Stop.
NMAKE : fatal error U1077: '"C:\Program Files (x86)\Microsoft Visual Studio\2017\BuildTools\VC\Tools\MSVC\14.16.27023\bin\HostX86\x86\nmake.exe"' : codice restituito '0x2'
Stop.




Determining if the C compiler works failed with the following output:
Change Dir: C:/Users/Sax/Desktop/POLI/Programmazione_di_sistema/Progetto/BayesianNetworks/cmake-build-release-visual-studio/CMakeFiles/CMakeTmp

Run Build Command(s):nmake -f Makefile /nologo cmTC_adb73\fast && 	"C:\Program Files (x86)\Microsoft Visual Studio\2017\BuildTools\VC\Tools\MSVC\14.16.27023\bin\HostX86\x86\nmake.exe"  -f CMakeFiles\cmTC_adb73.dir\build.make /nologo -L                  CMakeFiles\cmTC_adb73.dir\build
Building C object CMakeFiles/cmTC_adb73.dir/testCCompiler.c.obj
	"C:\Program Files\JetBrains\CLion 2020.3.2\bin\cmake\win\bin\cmake.exe" -E cmake_cl_compile_depends --dep-file=CMakeFiles\cmTC_adb73.dir\testCCompiler.c.obj.d --working-dir=C:\Users\Sax\Desktop\POLI\Programmazione_di_sistema\Progetto\BayesianNetworks\cmake-build-release-visual-studio\CMakeFiles\CMakeTmp --filter-prefix="" -- C:\PROGRA~2\MICROS~1\2017\BUILDT~1\VC\Tools\MSVC\1416~1.270\bin\Hostx86\x86\cl.exe @C:\Users\Sax\AppData\Local\Temp\nmFED7.tmp
Linking C executable cmTC_adb73.exe
	"C:\Program Files\JetBrains\CLion 2020.3.2\bin\cmake\win\bin\cmake.exe" -E vs_link_exe --intdir=CMakeFiles\cmTC_adb73.dir --rc=rc --mt=CMAKE_MT-NOTFOUND --manifests -- C:\PROGRA~2\MICROS~1\2017\BUILDT~1\VC\Tools\MSVC\1416~1.270\bin\Hostx86\x86\link.exe /nologo @CMakeFiles\cmTC_adb73.dir\objects1.rsp @C:\Users\Sax\AppData\Local\Temp\nmFF74.tmp
RC Pass 1: command "rc /fo CMakeFiles\cmTC_adb73.dir/manifest.res CMakeFiles\cmTC_adb73.dir/manifest.rc" failed (exit code 0) with the following output:
The system cannot find the file specifiedNMAKE : fatal error U1077: '"C:\Program Files\JetBrains\CLion 2020.3.2\bin\cmake\win\bin\cmake.exe"' : codice restituito '0xffffffff'
Stop.
NMAKE : fatal error U1077: '"C:\Program Files (x86)\Microsoft Visual Studio\2017\BuildTools\VC\Tools\MSVC\14.16.27023\bin\HostX86\x86\nmake.exe"' : codice restituito '0x2'
Stop.



